0 info it worked if it ends with ok
1 verbose cli [ '/usr/bin/node', '/usr/bin/npm', 'restart' ]
2 info using npm@3.10.10
3 info using node@v6.14.3
4 verbose run-script [ 'prerestart',
4 verbose run-script   'prestop',
4 verbose run-script   'stop',
4 verbose run-script   'poststop',
4 verbose run-script   'restart',
4 verbose run-script   'prestart',
4 verbose run-script   'start',
4 verbose run-script   'poststart',
4 verbose run-script   'postrestart' ]
5 info lifecycle botkit-starter-slack@0.0.2~prerestart: botkit-starter-slack@0.0.2
6 silly lifecycle botkit-starter-slack@0.0.2~prerestart: no script for prerestart, continuing
7 info lifecycle botkit-starter-slack@0.0.2~prestop: botkit-starter-slack@0.0.2
8 silly lifecycle botkit-starter-slack@0.0.2~prestop: no script for prestop, continuing
9 info lifecycle botkit-starter-slack@0.0.2~stop: botkit-starter-slack@0.0.2
10 silly lifecycle botkit-starter-slack@0.0.2~stop: no script for stop, continuing
11 info lifecycle botkit-starter-slack@0.0.2~poststop: botkit-starter-slack@0.0.2
12 silly lifecycle botkit-starter-slack@0.0.2~poststop: no script for poststop, continuing
13 info lifecycle botkit-starter-slack@0.0.2~restart: botkit-starter-slack@0.0.2
14 silly lifecycle botkit-starter-slack@0.0.2~restart: no script for restart, continuing
15 info lifecycle botkit-starter-slack@0.0.2~prestart: botkit-starter-slack@0.0.2
16 silly lifecycle botkit-starter-slack@0.0.2~prestart: no script for prestart, continuing
17 info lifecycle botkit-starter-slack@0.0.2~start: botkit-starter-slack@0.0.2
18 verbose lifecycle botkit-starter-slack@0.0.2~start: unsafe-perm in lifecycle true
19 verbose lifecycle botkit-starter-slack@0.0.2~start: PATH: /usr/lib/node_modules/npm/bin/node-gyp-bin:/root/slack-starter-chatbot/node_modules/.bin:/usr/local/sbin:/usr/local/bin:/usr/sbin:/usr/bin:/root/bin
20 verbose lifecycle botkit-starter-slack@0.0.2~start: CWD: /root/slack-starter-chatbot
21 silly lifecycle botkit-starter-slack@0.0.2~start: Args: [ '-c', 'node bot.js' ]
22 silly lifecycle botkit-starter-slack@0.0.2~start: Returned: code: 1  signal: null
23 info lifecycle botkit-starter-slack@0.0.2~start: Failed to exec start script
24 verbose stack Error: botkit-starter-slack@0.0.2 start: `node bot.js`
24 verbose stack Exit status 1
24 verbose stack     at EventEmitter.<anonymous> (/usr/lib/node_modules/npm/lib/utils/lifecycle.js:255:16)
24 verbose stack     at emitTwo (events.js:106:13)
24 verbose stack     at EventEmitter.emit (events.js:191:7)
24 verbose stack     at ChildProcess.<anonymous> (/usr/lib/node_modules/npm/lib/utils/spawn.js:40:14)
24 verbose stack     at emitTwo (events.js:106:13)
24 verbose stack     at ChildProcess.emit (events.js:191:7)
24 verbose stack     at maybeClose (internal/child_process.js:920:16)
24 verbose stack     at Process.ChildProcess._handle.onexit (internal/child_process.js:230:5)
25 verbose pkgid botkit-starter-slack@0.0.2
26 verbose cwd /root/slack-starter-chatbot
27 error Linux 3.10.0-693.21.1.el7.x86_64
28 error argv "/usr/bin/node" "/usr/bin/npm" "restart"
29 error node v6.14.3
30 error npm  v3.10.10
31 error code ELIFECYCLE
32 error botkit-starter-slack@0.0.2 start: `node bot.js`
32 error Exit status 1
33 error Failed at the botkit-starter-slack@0.0.2 start script 'node bot.js'.
33 error Make sure you have the latest version of node.js and npm installed.
33 error If you do, this is most likely a problem with the botkit-starter-slack package,
33 error not with npm itself.
33 error Tell the author that this fails on your system:
33 error     node bot.js
33 error You can get information on how to open an issue for this project with:
33 error     npm bugs botkit-starter-slack
33 error Or if that isn't available, you can get their info via:
33 error     npm owner ls botkit-starter-slack
33 error There is likely additional logging output above.
34 verbose exit [ 1, true ]
